#! /usr/bin/vvp
:ivl_version "11.0 (stable)";
:ivl_delay_selection "TYPICAL";
:vpi_time_precision - 12;
:vpi_module "/usr/lib/x86_64-linux-gnu/ivl/system.vpi";
:vpi_module "/usr/lib/x86_64-linux-gnu/ivl/vhdl_sys.vpi";
:vpi_module "/usr/lib/x86_64-linux-gnu/ivl/vhdl_textio.vpi";
:vpi_module "/usr/lib/x86_64-linux-gnu/ivl/v2005_math.vpi";
:vpi_module "/usr/lib/x86_64-linux-gnu/ivl/va_math.vpi";
S_0x561181205db0 .scope module, "tb" "tb" 2 2;
 .timescale -9 -12;
v0x561181233dc0_0 .var "a", 3 0;
v0x561181233ea0_0 .var "b", 3 0;
v0x561181233f70_0 .var "cin", 0 0;
v0x561181234090_0 .net "cout", 0 0, L_0x561181236670;  1 drivers
v0x561181234180_0 .net "result", 4 0, L_0x561181234330;  1 drivers
v0x561181234270_0 .net "s", 3 0, L_0x561181236cb0;  1 drivers
L_0x561181234330 .concat [ 4 1 0 0], L_0x561181236cb0, L_0x561181236670;
S_0x561181202920 .scope module, "t" "ADD4" 2 12, 3 1 0, S_0x561181205db0;
 .timescale 0 0;
    .port_info 0 /INPUT 4 "a";
    .port_info 1 /INPUT 4 "b";
    .port_info 2 /INPUT 1 "cin";
    .port_info 3 /OUTPUT 1 "cout";
    .port_info 4 /OUTPUT 4 "s";
v0x561181233840_0 .net "a", 3 0, v0x561181233dc0_0;  1 drivers
v0x561181233940_0 .net "b", 3 0, v0x561181233ea0_0;  1 drivers
v0x561181233a20_0 .net "c", 3 1, L_0x561181236160;  1 drivers
v0x561181233ae0_0 .net "cin", 0 0, v0x561181233f70_0;  1 drivers
v0x561181233bb0_0 .net "cout", 0 0, L_0x561181236670;  alias, 1 drivers
v0x561181233c50_0 .net "s", 3 0, L_0x561181236cb0;  alias, 1 drivers
L_0x561181234a90 .part v0x561181233dc0_0, 0, 1;
L_0x561181234bc0 .part v0x561181233ea0_0, 0, 1;
L_0x5611812352f0 .part v0x561181233dc0_0, 1, 1;
L_0x561181235420 .part v0x561181233ea0_0, 1, 1;
L_0x561181235580 .part L_0x561181236160, 0, 1;
L_0x561181235c20 .part v0x561181233dc0_0, 2, 1;
L_0x561181235e20 .part v0x561181233ea0_0, 2, 1;
L_0x561181235fe0 .part L_0x561181236160, 1, 1;
L_0x561181236160 .concat8 [ 1 1 1 0], L_0x561181234980, L_0x5611812351e0, L_0x561181235b10;
L_0x5611812367c0 .part v0x561181233dc0_0, 3, 1;
L_0x561181236950 .part v0x561181233ea0_0, 3, 1;
L_0x561181236a80 .part L_0x561181236160, 2, 1;
L_0x561181236cb0 .concat8 [ 1 1 1 1], L_0x5611812344e0, L_0x561181234d60, L_0x561181235720, L_0x561181236270;
S_0x561181208860 .scope module, "stage0" "ADD" 3 9, 3 17 0, S_0x561181202920;
 .timescale 0 0;
    .port_info 0 /INPUT 1 "a";
    .port_info 1 /INPUT 1 "b";
    .port_info 2 /INPUT 1 "cin";
    .port_info 3 /OUTPUT 1 "cout";
    .port_info 4 /OUTPUT 1 "s";
L_0x561181234420 .functor XOR 1, L_0x561181234a90, L_0x561181234bc0, C4<0>, C4<0>;
L_0x5611812344e0 .functor XOR 1, L_0x561181234420, v0x561181233f70_0, C4<0>, C4<0>;
L_0x5611812345d0 .functor AND 1, L_0x561181234a90, L_0x561181234bc0, C4<1>, C4<1>;
L_0x5611812346e0 .functor AND 1, L_0x561181234a90, v0x561181233f70_0, C4<1>, C4<1>;
L_0x561181234810 .functor OR 1, L_0x5611812345d0, L_0x5611812346e0, C4<0>, C4<0>;
L_0x5611812348d0 .functor AND 1, L_0x561181234bc0, v0x561181233f70_0, C4<1>, C4<1>;
L_0x561181234980 .functor OR 1, L_0x561181234810, L_0x5611812348d0, C4<0>, C4<0>;
v0x56118120b970_0 .net *"_ivl_0", 0 0, L_0x561181234420;  1 drivers
v0x561181208c00_0 .net *"_ivl_10", 0 0, L_0x5611812348d0;  1 drivers
v0x561181205f40_0 .net *"_ivl_4", 0 0, L_0x5611812345d0;  1 drivers
v0x561181202fc0_0 .net *"_ivl_6", 0 0, L_0x5611812346e0;  1 drivers
v0x561181231170_0 .net *"_ivl_8", 0 0, L_0x561181234810;  1 drivers
v0x5611812312a0_0 .net "a", 0 0, L_0x561181234a90;  1 drivers
v0x561181231360_0 .net "b", 0 0, L_0x561181234bc0;  1 drivers
v0x561181231420_0 .net "cin", 0 0, v0x561181233f70_0;  alias, 1 drivers
v0x5611812314e0_0 .net "cout", 0 0, L_0x561181234980;  1 drivers
v0x5611812315a0_0 .net "s", 0 0, L_0x5611812344e0;  1 drivers
S_0x561181231700 .scope module, "stage1" "ADD" 3 10, 3 17 0, S_0x561181202920;
 .timescale 0 0;
    .port_info 0 /INPUT 1 "a";
    .port_info 1 /INPUT 1 "b";
    .port_info 2 /INPUT 1 "cin";
    .port_info 3 /OUTPUT 1 "cout";
    .port_info 4 /OUTPUT 1 "s";
L_0x561181234cf0 .functor XOR 1, L_0x5611812352f0, L_0x561181235420, C4<0>, C4<0>;
L_0x561181234d60 .functor XOR 1, L_0x561181234cf0, L_0x561181235580, C4<0>, C4<0>;
L_0x561181234e20 .functor AND 1, L_0x5611812352f0, L_0x561181235420, C4<1>, C4<1>;
L_0x561181234f30 .functor AND 1, L_0x5611812352f0, L_0x561181235580, C4<1>, C4<1>;
L_0x561181235020 .functor OR 1, L_0x561181234e20, L_0x561181234f30, C4<0>, C4<0>;
L_0x561181235130 .functor AND 1, L_0x561181235420, L_0x561181235580, C4<1>, C4<1>;
L_0x5611812351e0 .functor OR 1, L_0x561181235020, L_0x561181235130, C4<0>, C4<0>;
v0x5611812318b0_0 .net *"_ivl_0", 0 0, L_0x561181234cf0;  1 drivers
v0x561181231990_0 .net *"_ivl_10", 0 0, L_0x561181235130;  1 drivers
v0x561181231a70_0 .net *"_ivl_4", 0 0, L_0x561181234e20;  1 drivers
v0x561181231b30_0 .net *"_ivl_6", 0 0, L_0x561181234f30;  1 drivers
v0x561181231c10_0 .net *"_ivl_8", 0 0, L_0x561181235020;  1 drivers
v0x561181231d40_0 .net "a", 0 0, L_0x5611812352f0;  1 drivers
v0x561181231e00_0 .net "b", 0 0, L_0x561181235420;  1 drivers
v0x561181231ec0_0 .net "cin", 0 0, L_0x561181235580;  1 drivers
v0x561181231f80_0 .net "cout", 0 0, L_0x5611812351e0;  1 drivers
v0x561181232040_0 .net "s", 0 0, L_0x561181234d60;  1 drivers
S_0x5611812321a0 .scope module, "stage2" "ADD" 3 11, 3 17 0, S_0x561181202920;
 .timescale 0 0;
    .port_info 0 /INPUT 1 "a";
    .port_info 1 /INPUT 1 "b";
    .port_info 2 /INPUT 1 "cin";
    .port_info 3 /OUTPUT 1 "cout";
    .port_info 4 /OUTPUT 1 "s";
L_0x5611812356b0 .functor XOR 1, L_0x561181235c20, L_0x561181235e20, C4<0>, C4<0>;
L_0x561181235720 .functor XOR 1, L_0x5611812356b0, L_0x561181235fe0, C4<0>, C4<0>;
L_0x5611812357c0 .functor AND 1, L_0x561181235c20, L_0x561181235e20, C4<1>, C4<1>;
L_0x561181235860 .functor AND 1, L_0x561181235c20, L_0x561181235fe0, C4<1>, C4<1>;
L_0x561181235950 .functor OR 1, L_0x5611812357c0, L_0x561181235860, C4<0>, C4<0>;
L_0x561181235a60 .functor AND 1, L_0x561181235e20, L_0x561181235fe0, C4<1>, C4<1>;
L_0x561181235b10 .functor OR 1, L_0x561181235950, L_0x561181235a60, C4<0>, C4<0>;
v0x561181232330_0 .net *"_ivl_0", 0 0, L_0x5611812356b0;  1 drivers
v0x561181232410_0 .net *"_ivl_10", 0 0, L_0x561181235a60;  1 drivers
v0x5611812324f0_0 .net *"_ivl_4", 0 0, L_0x5611812357c0;  1 drivers
v0x5611812325e0_0 .net *"_ivl_6", 0 0, L_0x561181235860;  1 drivers
v0x5611812326c0_0 .net *"_ivl_8", 0 0, L_0x561181235950;  1 drivers
v0x5611812327f0_0 .net "a", 0 0, L_0x561181235c20;  1 drivers
v0x5611812328b0_0 .net "b", 0 0, L_0x561181235e20;  1 drivers
v0x561181232970_0 .net "cin", 0 0, L_0x561181235fe0;  1 drivers
v0x561181232a30_0 .net "cout", 0 0, L_0x561181235b10;  1 drivers
v0x561181232b80_0 .net "s", 0 0, L_0x561181235720;  1 drivers
S_0x561181232ce0 .scope module, "stage3" "ADD" 3 12, 3 17 0, S_0x561181202920;
 .timescale 0 0;
    .port_info 0 /INPUT 1 "a";
    .port_info 1 /INPUT 1 "b";
    .port_info 2 /INPUT 1 "cin";
    .port_info 3 /OUTPUT 1 "cout";
    .port_info 4 /OUTPUT 1 "s";
L_0x561181236200 .functor XOR 1, L_0x5611812367c0, L_0x561181236950, C4<0>, C4<0>;
L_0x561181236270 .functor XOR 1, L_0x561181236200, L_0x561181236a80, C4<0>, C4<0>;
L_0x5611812362e0 .functor AND 1, L_0x5611812367c0, L_0x561181236950, C4<1>, C4<1>;
L_0x5611812363f0 .functor AND 1, L_0x5611812367c0, L_0x561181236a80, C4<1>, C4<1>;
L_0x5611812364b0 .functor OR 1, L_0x5611812362e0, L_0x5611812363f0, C4<0>, C4<0>;
L_0x5611812365c0 .functor AND 1, L_0x561181236950, L_0x561181236a80, C4<1>, C4<1>;
L_0x561181236670 .functor OR 1, L_0x5611812364b0, L_0x5611812365c0, C4<0>, C4<0>;
v0x561181232e70_0 .net *"_ivl_0", 0 0, L_0x561181236200;  1 drivers
v0x561181232f70_0 .net *"_ivl_10", 0 0, L_0x5611812365c0;  1 drivers
v0x561181233050_0 .net *"_ivl_4", 0 0, L_0x5611812362e0;  1 drivers
v0x561181233140_0 .net *"_ivl_6", 0 0, L_0x5611812363f0;  1 drivers
v0x561181233220_0 .net *"_ivl_8", 0 0, L_0x5611812364b0;  1 drivers
v0x561181233350_0 .net "a", 0 0, L_0x5611812367c0;  1 drivers
v0x561181233410_0 .net "b", 0 0, L_0x561181236950;  1 drivers
v0x5611812334d0_0 .net "cin", 0 0, L_0x561181236a80;  1 drivers
v0x561181233590_0 .net "cout", 0 0, L_0x561181236670;  alias, 1 drivers
v0x5611812336e0_0 .net "s", 0 0, L_0x561181236270;  1 drivers
    .scope S_0x561181205db0;
T_0 ;
    %pushi/vec4 12, 0, 4;
    %store/vec4 v0x561181233dc0_0, 0, 4;
    %pushi/vec4 12, 0, 4;
    %store/vec4 v0x561181233ea0_0, 0, 4;
    %pushi/vec4 0, 0, 1;
    %store/vec4 v0x561181233f70_0, 0, 1;
    %delay 1000, 0;
    %load/vec4 v0x561181234090_0;
    %load/vec4 v0x561181234270_0;
    %concat/vec4; draw_concat_vec4
    %vpi_call 2 19 "$display", "{s, cout} = %d", S<0,vec4,u5> {1 0 0};
    %end;
    .thread T_0;
# The file index is used to find the file name in the following table.
:file_names 4;
    "N/A";
    "<interactive>";
    "add_test.v";
    "add.v";
